<?xml version="1.0" encoding="UTF-8"?>
<!-- Generated by org.testng.reporters.JUnitXMLReporter -->
<testsuite hostname="HK-SONY-VAIO" ignored="4" name="FreeCRM_Application_TestCases" tests="2" failures="0" timestamp="11 Mar 2019 07:28:35 GMT" time="-2848.425" errors="0">
  <testcase name="@BeforeMethod setUp" time="-2849.734" classname="com.crm.qa.testcases.ContactPageTest">
    <failure type="java.lang.NullPointerException">
      <![CDATA[java.lang.NullPointerException
at org.openqa.selenium.support.pagefactory.internal.LocatingElementHandler.invoke(LocatingElementHandler.java:51)
at com.sun.proxy.$Proxy11.getCssValue(Unknown Source)
at com.crm.qa.util.TestUtil.flashElement(TestUtil.java:146)
at com.crm.qa.pages.LoginPage.login(LoginPage.java:50)
at com.crm.qa.testcases.ContactPageTest.setUp(ContactPageTest.java:34)
... Removed 32 stack frames]]>
    </failure>
  </testcase> <!-- @BeforeMethod setUp -->
  <testcase name="@AfterMethod tearDown" time="0.0" classname="com.crm.qa.testcases.ContactPageTest">
    <skipped/>
  </testcase> <!-- @AfterMethod tearDown -->
  <testcase name="@BeforeMethod setUp" time="0.0" classname="com.crm.qa.testcases.ContactPageTest">
    <skipped/>
  </testcase> <!-- @BeforeMethod setUp -->
  <testcase name="@AfterMethod tearDown" time="0.0" classname="com.crm.qa.testcases.ContactPageTest">
    <skipped/>
  </testcase> <!-- @AfterMethod tearDown -->
  <testcase name="newContactsTest" time="0.0" classname="com.crm.qa.testcases.ContactPageTest">
    <skipped/>
  </testcase> <!-- newContactsTest -->
  <testcase name="newContactsTest" time="0.0" classname="com.crm.qa.testcases.ContactPageTest">
    <skipped/>
  </testcase> <!-- newContactsTest -->
  <testcase name="verifyContactTest" time="0.0" classname="com.crm.qa.testcases.ContactPageTest">
    <ignored/>
  </testcase> <!-- verifyContactTest -->
  <testcase name="deleteContactTest" time="0.0" classname="com.crm.qa.testcases.ContactPageTest">
    <ignored/>
  </testcase> <!-- deleteContactTest -->
  <testcase name="editContactTest" time="0.0" classname="com.crm.qa.testcases.ContactPageTest">
    <ignored/>
  </testcase> <!-- editContactTest -->
  <testcase name="verifyContactsPageLabel" time="0.0" classname="com.crm.qa.testcases.ContactPageTest">
    <ignored/>
  </testcase> <!-- verifyContactsPageLabel -->
</testsuite> <!-- FreeCRM_Application_TestCases -->
