<?xml version="1.0" encoding="UTF-8"?>
<!-- Generated by org.testng.reporters.JUnitXMLReporter -->
<testsuite hostname="HK-SONY-VAIO" ignored="4" name="Default test" tests="1" failures="0" timestamp="11 Mar 2019 07:41:07 GMT" time="0.087" errors="0">
  <testcase name="newContactsTest" time="0.0" classname="com.crm.qa.testcases.ContactPageTest">
    <skipped/>
  </testcase> <!-- newContactsTest -->
  <testcase name="verifyContactTest" time="0.0" classname="com.crm.qa.testcases.ContactPageTest">
    <ignored/>
  </testcase> <!-- verifyContactTest -->
  <testcase name="deleteContactTest" time="0.0" classname="com.crm.qa.testcases.ContactPageTest">
    <ignored/>
  </testcase> <!-- deleteContactTest -->
  <testcase name="editContactTest" time="0.0" classname="com.crm.qa.testcases.ContactPageTest">
    <ignored/>
  </testcase> <!-- editContactTest -->
  <testcase name="verifyContactsPageLabel" time="0.0" classname="com.crm.qa.testcases.ContactPageTest">
    <ignored/>
  </testcase> <!-- verifyContactsPageLabel -->
</testsuite> <!-- Default test -->
