<?xml version="1.0" encoding="UTF-8"?>
<testng-results skipped="0" failed="0" ignored="4" total="6" passed="2">
  <reporter-output>
  </reporter-output>
  <suite name="Free_CRM_Application_Test_Automation_Suite" duration-ms="90686" started-at="2019-03-29T20:36:35Z" finished-at="2019-03-29T20:38:05Z">
    <groups>
    </groups>
    <test name="FreeCRM_Application_TestCases" duration-ms="90686" started-at="2019-03-29T20:36:35Z" finished-at="2019-03-29T20:38:05Z">
      <class name="com.crm.qa.testcases.ContactPageTest">
        <test-method status="PASS" signature="setUp()[pri:0, instance:com.crm.qa.testcases.ContactPageTest@4f7d0008]" name="setUp" is-config="true" duration-ms="21436" started-at="2019-03-29T20:36:37Z" finished-at="2019-03-29T20:36:58Z">
          <reporter-output>
          </reporter-output>
        </test-method> <!-- setUp -->
        <test-method status="PASS" signature="newContactsTest(java.lang.String, java.lang.String, java.lang.String, java.lang.String, java.lang.String, java.lang.String)[pri:2, instance:com.crm.qa.testcases.ContactPageTest@4f7d0008]" name="newContactsTest" duration-ms="23513" started-at="2019-03-29T20:36:58Z" data-provider="getFreeCRM_TestData" finished-at="2019-03-29T20:37:22Z">
          <params>
            <param index="0">
              <value>
                <![CDATA[Himanshu]]>
              </value>
            </param>
            <param index="1">
              <value>
                <![CDATA[Khare]]>
              </value>
            </param>
            <param index="2">
              <value>
                <![CDATA[30.0]]>
              </value>
            </param>
            <param index="3">
              <value>
                <![CDATA[July]]>
              </value>
            </param>
            <param index="4">
              <value>
                <![CDATA[1992.0]]>
              </value>
            </param>
            <param index="5">
              <value>
                <![CDATA[Jordan]]>
              </value>
            </param>
          </params>
          <reporter-output>
          </reporter-output>
        </test-method> <!-- newContactsTest -->
        <test-method status="PASS" signature="tearDown()[pri:0, instance:com.crm.qa.testcases.ContactPageTest@4f7d0008]" name="tearDown" is-config="true" duration-ms="350" started-at="2019-03-29T20:37:22Z" finished-at="2019-03-29T20:37:22Z">
          <reporter-output>
          </reporter-output>
        </test-method> <!-- tearDown -->
        <test-method status="PASS" signature="setUp()[pri:0, instance:com.crm.qa.testcases.ContactPageTest@4f7d0008]" name="setUp" is-config="true" duration-ms="19073" started-at="2019-03-29T20:37:22Z" finished-at="2019-03-29T20:37:41Z">
          <reporter-output>
          </reporter-output>
        </test-method> <!-- setUp -->
        <test-method status="PASS" signature="newContactsTest(java.lang.String, java.lang.String, java.lang.String, java.lang.String, java.lang.String, java.lang.String)[pri:2, instance:com.crm.qa.testcases.ContactPageTest@4f7d0008]" name="newContactsTest" duration-ms="21964" started-at="2019-03-29T20:37:41Z" data-provider="getFreeCRM_TestData" finished-at="2019-03-29T20:38:03Z">
          <params>
            <param index="0">
              <value>
                <![CDATA[Pratik]]>
              </value>
            </param>
            <param index="1">
              <value>
                <![CDATA[Ag]]>
              </value>
            </param>
            <param index="2">
              <value>
                <![CDATA[29.0]]>
              </value>
            </param>
            <param index="3">
              <value>
                <![CDATA[August]]>
              </value>
            </param>
            <param index="4">
              <value>
                <![CDATA[1993.0]]>
              </value>
            </param>
            <param index="5">
              <value>
                <![CDATA[India]]>
              </value>
            </param>
          </params>
          <reporter-output>
          </reporter-output>
        </test-method> <!-- newContactsTest -->
        <test-method status="PASS" signature="tearDown()[pri:0, instance:com.crm.qa.testcases.ContactPageTest@4f7d0008]" name="tearDown" is-config="true" duration-ms="2217" started-at="2019-03-29T20:38:03Z" finished-at="2019-03-29T20:38:05Z">
          <reporter-output>
          </reporter-output>
        </test-method> <!-- tearDown -->
      </class> <!-- com.crm.qa.testcases.ContactPageTest -->
    </test> <!-- FreeCRM_Application_TestCases -->
  </suite> <!-- Free_CRM_Application_Test_Automation_Suite -->
</testng-results>
